/*C176*/SET SCHEMA PUBLIC
drop table if exists AKKU CASCADE 
drop table if exists AkkuEvent CASCADE 
drop table if exists Kunde CASCADE 
drop sequence hibernate_sequence if exists
create sequence hibernate_sequence start with 1 increment by 1
create table AKKU (SERIAL varchar(255) not null, PRODUCTION_DATE timestamp, REPAIR_COUNT integer not null, VERSION integer not null, primary key (SERIAL))
create table AkkuEvent (DTYPE varchar(31) not null, id bigint not null, DATE timestamp not null, VERSION integer, FAULT varchar(255), CAPACITY float, CYCLES integer, NOTE varchar(255), TICKET integer, SERIAL varchar(255) not null, CUSTOMERID integer, primary key (id))
create table Kunde (CUSTOMERID integer not null, ORGANISATION varchar(255), NAME varchar(255), VERSION integer not null, primary key (CUSTOMERID))
alter table AkkuEvent add constraint FKdftv53w21h0ntpo1rhkfdtnya foreign key (SERIAL) references AKKU
alter table AkkuEvent add constraint FKlni65dmlfx7yg98ysu2tlpnrk foreign key (CUSTOMERID) references Kunde
/*C179*/SET SCHEMA PUBLIC
INSERT INTO AKKU VALUES('avc','2021-03-03 00:00:00.000000',1,1)
COMMIT
/*C177*/SET SCHEMA PUBLIC
DISCONNECT
/*C176*/DISCONNECT
/*C180*/SET SCHEMA PUBLIC
DISCONNECT
/*C179*/DISCONNECT
/*C178*/SET SCHEMA PUBLIC
DISCONNECT
/*C181*/SET SCHEMA PUBLIC
DISCONNECT
/*C182*/SET SCHEMA PUBLIC
drop table if exists AKKU CASCADE 
drop table if exists AkkuEvent CASCADE 
drop table if exists Kunde CASCADE 
drop sequence hibernate_sequence if exists
create sequence hibernate_sequence start with 1 increment by 1
create table AKKU (SERIAL varchar(255) not null, PRODUCTION_DATE timestamp, REPAIR_COUNT integer not null, VERSION integer not null, primary key (SERIAL))
create table AkkuEvent (DTYPE varchar(31) not null, id bigint not null, DATE timestamp not null, VERSION integer, FAULT varchar(255), CAPACITY float, CYCLES integer, NOTE varchar(255), TICKET integer, SERIAL varchar(255) not null, CUSTOMERID integer, primary key (id))
create table Kunde (CUSTOMERID integer not null, ORGANISATION varchar(255), NAME varchar(255), VERSION integer not null, primary key (CUSTOMERID))
alter table AkkuEvent add constraint FKdftv53w21h0ntpo1rhkfdtnya foreign key (SERIAL) references AKKU
alter table AkkuEvent add constraint FKlni65dmlfx7yg98ysu2tlpnrk foreign key (CUSTOMERID) references Kunde
/*C185*/SET SCHEMA PUBLIC
INSERT INTO AKKU VALUES('asd','2021-03-03 00:00:00.000000',1,1)
COMMIT
/*C182*/DISCONNECT
/*C187*/SET SCHEMA PUBLIC
DISCONNECT
/*C184*/SET SCHEMA PUBLIC
DISCONNECT
/*C183*/SET SCHEMA PUBLIC
DISCONNECT
/*C185*/DISCONNECT
/*C186*/SET SCHEMA PUBLIC
DISCONNECT
/*C189*/SET SCHEMA PUBLIC
drop table if exists AKKU CASCADE 
drop table if exists AkkuEvent CASCADE 
drop table if exists Kunde CASCADE 
drop sequence hibernate_sequence if exists
create sequence hibernate_sequence start with 1 increment by 1
create table AKKU (SERIAL varchar(255) not null, PRODUCTION_DATE timestamp, REPAIR_COUNT integer not null, VERSION integer not null, primary key (SERIAL))
create table AkkuEvent (DTYPE varchar(31) not null, id bigint not null, DATE timestamp not null, VERSION integer, FAULT varchar(255), CAPACITY float, CYCLES integer, NOTE varchar(255), TICKET integer, SERIAL varchar(255) not null, CUSTOMERID integer, primary key (id))
create table Kunde (CUSTOMERID integer not null, ORGANISATION varchar(255), NAME varchar(255), VERSION integer not null, primary key (CUSTOMERID))
alter table AkkuEvent add constraint FKdftv53w21h0ntpo1rhkfdtnya foreign key (SERIAL) references AKKU
alter table AkkuEvent add constraint FKlni65dmlfx7yg98ysu2tlpnrk foreign key (CUSTOMERID) references Kunde
/*C192*/SET SCHEMA PUBLIC
INSERT INTO AKKU VALUES('asd','2021-03-06 00:00:00.000000',1,1)
COMMIT
/*C189*/DISCONNECT
/*C192*/DISCONNECT
/*C191*/SET SCHEMA PUBLIC
DISCONNECT
/*C193*/SET SCHEMA PUBLIC
DISCONNECT
/*C194*/SET SCHEMA PUBLIC
DISCONNECT
/*C190*/SET SCHEMA PUBLIC
DISCONNECT
/*C195*/SET SCHEMA PUBLIC
drop table if exists AKKU CASCADE 
drop table if exists AkkuEvent CASCADE 
drop table if exists Kunde CASCADE 
drop sequence hibernate_sequence if exists
create sequence hibernate_sequence start with 1 increment by 1
create table AKKU (SERIAL varchar(255) not null, PRODUCTION_DATE timestamp, REPAIR_COUNT integer not null, VERSION integer not null, primary key (SERIAL))
create table AkkuEvent (DTYPE varchar(31) not null, id bigint not null, DATE timestamp not null, VERSION integer, FAULT varchar(255), CAPACITY float, CYCLES integer, NOTE varchar(255), TICKET integer, SERIAL varchar(255) not null, CUSTOMERID integer, primary key (id))
create table Kunde (CUSTOMERID integer not null, ORGANISATION varchar(255), NAME varchar(255), VERSION integer not null, primary key (CUSTOMERID))
alter table AkkuEvent add constraint FKdftv53w21h0ntpo1rhkfdtnya foreign key (SERIAL) references AKKU
alter table AkkuEvent add constraint FKlni65dmlfx7yg98ysu2tlpnrk foreign key (CUSTOMERID) references Kunde
/*C198*/SET SCHEMA PUBLIC
INSERT INTO AKKU VALUES('1','2021-03-05 00:00:00.000000',1,1)
COMMIT
/*C196*/SET SCHEMA PUBLIC
DISCONNECT
/*C197*/SET SCHEMA PUBLIC
DISCONNECT
/*C200*/SET SCHEMA PUBLIC
DISCONNECT
/*C199*/SET SCHEMA PUBLIC
DISCONNECT
/*C195*/DISCONNECT
/*C198*/DISCONNECT
/*C201*/SET SCHEMA PUBLIC
drop table if exists AKKU CASCADE 
drop table if exists AkkuEvent CASCADE 
drop table if exists Kunde CASCADE 
drop sequence hibernate_sequence if exists
create sequence hibernate_sequence start with 1 increment by 1
create table AKKU (SERIAL varchar(255) not null, PRODUCTION_DATE timestamp, REPAIR_COUNT integer not null, VERSION integer not null, primary key (SERIAL))
create table AkkuEvent (DTYPE varchar(31) not null, id bigint not null, DATE timestamp not null, VERSION integer, FAULT varchar(255), CAPACITY float, CYCLES integer, NOTE varchar(255), TICKET integer, SERIAL varchar(255) not null, CUSTOMERID integer, primary key (id))
create table Kunde (CUSTOMERID integer not null, ORGANISATION varchar(255), NAME varchar(255), VERSION integer not null, primary key (CUSTOMERID))
alter table AkkuEvent add constraint FKdftv53w21h0ntpo1rhkfdtnya foreign key (SERIAL) references AKKU
alter table AkkuEvent add constraint FKlni65dmlfx7yg98ysu2tlpnrk foreign key (CUSTOMERID) references Kunde
/*C204*/SET SCHEMA PUBLIC
INSERT INTO AKKU VALUES('asd','2021-03-05 00:00:00.000000',1,1)
COMMIT
/*C201*/DISCONNECT
/*C202*/SET SCHEMA PUBLIC
DISCONNECT
/*C204*/DISCONNECT
/*C203*/SET SCHEMA PUBLIC
DISCONNECT
/*C205*/SET SCHEMA PUBLIC
DISCONNECT
/*C206*/SET SCHEMA PUBLIC
DISCONNECT
/*C207*/SET SCHEMA PUBLIC
drop table if exists AKKU CASCADE 
drop table if exists AkkuEvent CASCADE 
drop table if exists Kunde CASCADE 
drop sequence hibernate_sequence if exists
create sequence hibernate_sequence start with 1 increment by 1
create table AKKU (SERIAL varchar(255) not null, PRODUCTION_DATE timestamp, REPAIR_COUNT integer not null, VERSION integer not null, primary key (SERIAL))
create table AkkuEvent (DTYPE varchar(31) not null, id bigint not null, DATE timestamp not null, VERSION integer, FAULT varchar(255), CAPACITY float, CYCLES integer, NOTE varchar(255), TICKET integer, SERIAL varchar(255) not null, CUSTOMERID integer, primary key (id))
create table Kunde (CUSTOMERID integer not null, ORGANISATION varchar(255), NAME varchar(255), VERSION integer not null, primary key (CUSTOMERID))
alter table AkkuEvent add constraint FKdftv53w21h0ntpo1rhkfdtnya foreign key (SERIAL) references AKKU
alter table AkkuEvent add constraint FKlni65dmlfx7yg98ysu2tlpnrk foreign key (CUSTOMERID) references Kunde
/*C210*/SET SCHEMA PUBLIC
INSERT INTO AKKU VALUES('asd','2021-03-01 00:00:00.000000',1,1)
COMMIT
/*C207*/DISCONNECT
/*C210*/DISCONNECT
/*C208*/SET SCHEMA PUBLIC
DISCONNECT
/*C209*/SET SCHEMA PUBLIC
DISCONNECT
/*C211*/SET SCHEMA PUBLIC
DISCONNECT
/*C212*/SET SCHEMA PUBLIC
DISCONNECT
/*C213*/SET SCHEMA PUBLIC
drop table if exists AKKU CASCADE 
drop table if exists AkkuEvent CASCADE 
drop table if exists Kunde CASCADE 
drop sequence hibernate_sequence if exists
create sequence hibernate_sequence start with 1 increment by 1
create table AKKU (SERIAL varchar(255) not null, PRODUCTION_DATE timestamp, REPAIR_COUNT integer not null, VERSION integer not null, primary key (SERIAL))
create table AkkuEvent (DTYPE varchar(31) not null, id bigint not null, DATE timestamp not null, VERSION integer, FAULT varchar(255), CAPACITY float, CYCLES integer, NOTE varchar(255), TICKET integer, SERIAL varchar(255) not null, CUSTOMERID integer, primary key (id))
create table Kunde (CUSTOMERID integer not null, ORGANISATION varchar(255), NAME varchar(255), VERSION integer not null, primary key (CUSTOMERID))
alter table AkkuEvent add constraint FKdftv53w21h0ntpo1rhkfdtnya foreign key (SERIAL) references AKKU
alter table AkkuEvent add constraint FKlni65dmlfx7yg98ysu2tlpnrk foreign key (CUSTOMERID) references Kunde
/*C216*/SET SCHEMA PUBLIC
INSERT INTO AKKU VALUES('1','2021-03-04 00:00:00.000000',1,1)
COMMIT
/*C218*/SET SCHEMA PUBLIC
DISCONNECT
/*C213*/DISCONNECT
/*C214*/SET SCHEMA PUBLIC
DISCONNECT
/*C217*/SET SCHEMA PUBLIC
DISCONNECT
/*C216*/DISCONNECT
/*C215*/SET SCHEMA PUBLIC
DISCONNECT
/*C219*/SET SCHEMA PUBLIC
drop table if exists AKKU CASCADE 
drop table if exists AkkuEvent CASCADE 
drop table if exists Kunde CASCADE 
drop sequence hibernate_sequence if exists
create sequence hibernate_sequence start with 1 increment by 1
create table AKKU (SERIAL varchar(255) not null, PRODUCTION_DATE timestamp, REPAIR_COUNT integer not null, VERSION integer not null, primary key (SERIAL))
create table AkkuEvent (DTYPE varchar(31) not null, id bigint not null, DATE timestamp not null, VERSION integer, FAULT varchar(255), CAPACITY float, CYCLES integer, NOTE varchar(255), TICKET integer, SERIAL varchar(255) not null, CUSTOMERID integer, primary key (id))
create table Kunde (CUSTOMERID integer not null, ORGANISATION varchar(255), NAME varchar(255), VERSION integer not null, primary key (CUSTOMERID))
alter table AkkuEvent add constraint FKdftv53w21h0ntpo1rhkfdtnya foreign key (SERIAL) references AKKU
alter table AkkuEvent add constraint FKlni65dmlfx7yg98ysu2tlpnrk foreign key (CUSTOMERID) references Kunde
/*C222*/SET SCHEMA PUBLIC
INSERT INTO AKKU VALUES('1','2021-03-06 00:00:00.000000',1,1)
COMMIT
/*C219*/INSERT INTO AKKUEVENT VALUES('AkkuEvent',1,'2021-02-18 21:06:36.800000',0,NULL,NULL,NULL,NULL,NULL,'1',NULL)
ALTER SEQUENCE PUBLIC.HIBERNATE_SEQUENCE RESTART WITH 2
COMMIT
DISCONNECT
/*C221*/SET SCHEMA PUBLIC
DISCONNECT
/*C224*/SET SCHEMA PUBLIC
DISCONNECT
/*C220*/SET SCHEMA PUBLIC
DISCONNECT
/*C223*/SET SCHEMA PUBLIC
DISCONNECT
/*C222*/DISCONNECT
/*C225*/SET SCHEMA PUBLIC
drop table if exists AKKU CASCADE 
drop table if exists AkkuEvent CASCADE 
drop table if exists Kunde CASCADE 
drop sequence hibernate_sequence if exists
create sequence hibernate_sequence start with 1 increment by 1
create table AKKU (SERIAL varchar(255) not null, PRODUCTION_DATE timestamp, REPAIR_COUNT integer not null, VERSION integer not null, primary key (SERIAL))
create table AkkuEvent (DTYPE varchar(31) not null, id bigint not null, DATE timestamp not null, VERSION integer, FAULT varchar(255), CAPACITY float, CYCLES integer, NOTE varchar(255), TICKET integer, SERIAL varchar(255) not null, CUSTOMERID integer, primary key (id))
create table Kunde (CUSTOMERID integer not null, ORGANISATION varchar(255), NAME varchar(255), VERSION integer not null, primary key (CUSTOMERID))
alter table AkkuEvent add constraint FKdftv53w21h0ntpo1rhkfdtnya foreign key (SERIAL) references AKKU
alter table AkkuEvent add constraint FKlni65dmlfx7yg98ysu2tlpnrk foreign key (CUSTOMERID) references Kunde
/*C228*/SET SCHEMA PUBLIC
INSERT INTO AKKU VALUES('1','2021-03-06 00:00:00.000000',1,1)
COMMIT
/*C225*/INSERT INTO AKKUEVENT VALUES('AkkuEvent',1,'2021-02-18 21:09:31.383000',0,NULL,NULL,NULL,NULL,NULL,'1',NULL)
ALTER SEQUENCE PUBLIC.HIBERNATE_SEQUENCE RESTART WITH 2
COMMIT
/*C230*/SET SCHEMA PUBLIC
INSERT INTO AKKUEVENT VALUES('AkkuEvent',2,'2021-02-18 21:09:36.396000',0,NULL,NULL,NULL,NULL,NULL,'1',NULL)
ALTER SEQUENCE PUBLIC.HIBERNATE_SEQUENCE RESTART WITH 3
COMMIT
/*C225*/INSERT INTO AKKUEVENT VALUES('AkkuEvent',3,'2021-02-18 21:09:42.202000',0,NULL,NULL,NULL,NULL,NULL,'1',NULL)
ALTER SEQUENCE PUBLIC.HIBERNATE_SEQUENCE RESTART WITH 4
COMMIT
/*C226*/SET SCHEMA PUBLIC
DISCONNECT
/*C225*/DISCONNECT
/*C229*/SET SCHEMA PUBLIC
DISCONNECT
/*C227*/SET SCHEMA PUBLIC
DISCONNECT
/*C228*/DISCONNECT
/*C230*/DISCONNECT
/*C231*/SET SCHEMA PUBLIC
INSERT INTO AKKUEVENT VALUES('AkkuEvent',4,'2021-02-18 21:10:56.865000',0,NULL,NULL,NULL,NULL,NULL,'1',NULL)
ALTER SEQUENCE PUBLIC.HIBERNATE_SEQUENCE RESTART WITH 5
COMMIT
/*C235*/SET SCHEMA PUBLIC
DISCONNECT
/*C236*/SET SCHEMA PUBLIC
DISCONNECT
/*C231*/DISCONNECT
/*C232*/SET SCHEMA PUBLIC
DISCONNECT
/*C233*/SET SCHEMA PUBLIC
DISCONNECT
/*C234*/SET SCHEMA PUBLIC
DISCONNECT
/*C237*/SET SCHEMA PUBLIC
DISCONNECT
/*C242*/SET SCHEMA PUBLIC
DISCONNECT
/*C238*/SET SCHEMA PUBLIC
DISCONNECT
/*C240*/SET SCHEMA PUBLIC
DISCONNECT
/*C239*/SET SCHEMA PUBLIC
DISCONNECT
/*C241*/SET SCHEMA PUBLIC
DISCONNECT
/*C245*/SET SCHEMA PUBLIC
INSERT INTO AKKUEVENT VALUES('AkkuReparaturEingangsEvent',5,'2021-02-18 21:13:03.645000',0,NULL,NULL,NULL,'Hallo Welt',NULL,'1',NULL)
ALTER SEQUENCE PUBLIC.HIBERNATE_SEQUENCE RESTART WITH 6
COMMIT
/*C246*/SET SCHEMA PUBLIC
INSERT INTO AKKUEVENT VALUES('AkkuReparaturEingangsEvent',6,'2021-02-18 21:16:29.848000',0,NULL,NULL,NULL,'Hallo Welt',NULL,'1',NULL)
ALTER SEQUENCE PUBLIC.HIBERNATE_SEQUENCE RESTART WITH 7
COMMIT
/*C244*/SET SCHEMA PUBLIC
DISCONNECT
/*C245*/DISCONNECT
/*C243*/SET SCHEMA PUBLIC
DISCONNECT
/*C248*/SET SCHEMA PUBLIC
DISCONNECT
/*C246*/DISCONNECT
/*C247*/SET SCHEMA PUBLIC
DISCONNECT
/*C253*/SET SCHEMA PUBLIC
INSERT INTO AKKUEVENT VALUES('AkkuReparaturEingangsEvent',7,'2021-02-18 21:24:05.721000',0,NULL,NULL,NULL,'Hallo Welt',NULL,'1',NULL)
ALTER SEQUENCE PUBLIC.HIBERNATE_SEQUENCE RESTART WITH 8
COMMIT
/*C252*/SET SCHEMA PUBLIC
INSERT INTO AKKUEVENT VALUES('AkkuReparaturEingangsEvent',8,'2021-02-18 21:25:46.755000',0,NULL,NULL,NULL,'Hallo Welt',NULL,'1',NULL)
ALTER SEQUENCE PUBLIC.HIBERNATE_SEQUENCE RESTART WITH 9
COMMIT
INSERT INTO AKKUEVENT VALUES('AkkuReparaturEingangsEvent',9,'2021-02-18 21:26:33.919000',0,NULL,NULL,NULL,'Hallo Welt',NULL,'1',NULL)
ALTER SEQUENCE PUBLIC.HIBERNATE_SEQUENCE RESTART WITH 10
COMMIT
/*C250*/SET SCHEMA PUBLIC
DISCONNECT
/*C249*/SET SCHEMA PUBLIC
DISCONNECT
/*C251*/SET SCHEMA PUBLIC
DISCONNECT
/*C254*/SET SCHEMA PUBLIC
DISCONNECT
/*C252*/DISCONNECT
/*C253*/DISCONNECT
/*C259*/SET SCHEMA PUBLIC
INSERT INTO AKKUEVENT VALUES('AkkuReparaturAusgangsEvent',10,'2021-02-18 21:29:27.920000',0,NULL,NULL,NULL,'Hallo Welt',NULL,'1',NULL)
ALTER SEQUENCE PUBLIC.HIBERNATE_SEQUENCE RESTART WITH 11
COMMIT
/*C258*/SET SCHEMA PUBLIC
INSERT INTO AKKUEVENT VALUES('AkkuReparaturAusgangsEvent',11,'2021-02-18 21:29:46.069000',0,NULL,NULL,NULL,'Hallo Welt',NULL,'1',NULL)
ALTER SEQUENCE PUBLIC.HIBERNATE_SEQUENCE RESTART WITH 12
COMMIT
/*C255*/SET SCHEMA PUBLIC
INSERT INTO AKKU VALUES('2','2021-03-05 00:00:00.000000',1,1)
COMMIT
/*C259*/INSERT INTO AKKUEVENT VALUES('AkkuReparaturAusgangsEvent',12,'2021-02-18 21:30:02.435000',0,NULL,NULL,NULL,'Hallo Welt',NULL,'1',NULL)
ALTER SEQUENCE PUBLIC.HIBERNATE_SEQUENCE RESTART WITH 13
COMMIT
/*C257*/SET SCHEMA PUBLIC
INSERT INTO AKKUEVENT VALUES('AkkuReparaturAusgangsEvent',13,'2021-02-18 21:34:40.525000',0,NULL,NULL,NULL,'Hallo Welt 2',NULL,'1',NULL)
ALTER SEQUENCE PUBLIC.HIBERNATE_SEQUENCE RESTART WITH 14
COMMIT
/*C260*/SET SCHEMA PUBLIC
INSERT INTO AKKUEVENT VALUES('AkkuReparaturAusgangsEvent',14,'2021-03-03 00:00:00.000000',0,NULL,NULL,NULL,'asd',NULL,'2',NULL)
ALTER SEQUENCE PUBLIC.HIBERNATE_SEQUENCE RESTART WITH 15
COMMIT
/*C188*/SET SCHEMA PUBLIC
DISCONNECT
/*C255*/INSERT INTO AKKUEVENT VALUES('AkkuReparaturAusgangsEvent',15,'2021-02-18 21:37:42.958000',0,NULL,NULL,NULL,'Hallo Welt 2',NULL,'1',NULL)
ALTER SEQUENCE PUBLIC.HIBERNATE_SEQUENCE RESTART WITH 16
COMMIT
INSERT INTO AKKUEVENT VALUES('AkkuReparaturAusgangsEvent',16,'2021-03-05 00:00:00.000000',0,NULL,NULL,NULL,'asd',NULL,'1',NULL)
ALTER SEQUENCE PUBLIC.HIBERNATE_SEQUENCE RESTART WITH 17
COMMIT
/*C256*/SET SCHEMA PUBLIC
INSERT INTO AKKUEVENT VALUES('AkkuReparaturAusgangsEvent',17,'2021-03-07 00:00:00.000000',0,NULL,NULL,NULL,'asd',NULL,'1',NULL)
ALTER SEQUENCE PUBLIC.HIBERNATE_SEQUENCE RESTART WITH 18
COMMIT
/*C260*/INSERT INTO AKKUEVENT VALUES('AkkuReparaturEingangsEvent',18,'2021-03-07 00:00:00.000000',0,NULL,NULL,NULL,'asd',NULL,'1',NULL)
ALTER SEQUENCE PUBLIC.HIBERNATE_SEQUENCE RESTART WITH 19
COMMIT
/*C256*/INSERT INTO AKKUEVENT VALUES('AkkuReparaturAusgangsEvent',19,'2021-02-18 21:41:20.515000',0,NULL,NULL,NULL,'Hallo Welt 2',NULL,'1',NULL)
ALTER SEQUENCE PUBLIC.HIBERNATE_SEQUENCE RESTART WITH 20
COMMIT
/*C259*/INSERT INTO AKKUEVENT VALUES('AkkuReparaturAusgangsEvent',20,'2021-02-21 00:00:00.000000',0,NULL,NULL,NULL,'asd',NULL,'2',NULL)
ALTER SEQUENCE PUBLIC.HIBERNATE_SEQUENCE RESTART WITH 21
COMMIT
/*C255*/INSERT INTO AKKUEVENT VALUES('AkkuReparaturAusgangsEvent',21,'2021-03-06 00:00:00.000000',0,NULL,NULL,NULL,'asd',NULL,'2',NULL)
ALTER SEQUENCE PUBLIC.HIBERNATE_SEQUENCE RESTART WITH 22
COMMIT
/*C256*/INSERT INTO AKKUEVENT VALUES('AkkuReparaturAusgangsEvent',22,'2021-02-01 00:00:00.000000',0,NULL,NULL,NULL,'asd',NULL,'2',NULL)
ALTER SEQUENCE PUBLIC.HIBERNATE_SEQUENCE RESTART WITH 23
COMMIT
/*C259*/INSERT INTO AKKUEVENT VALUES('AkkuReparaturEingangsEvent',23,'2021-02-15 00:00:00.000000',0,NULL,NULL,NULL,'asd',NULL,'2',NULL)
ALTER SEQUENCE PUBLIC.HIBERNATE_SEQUENCE RESTART WITH 24
COMMIT
/*C255*/INSERT INTO AKKUEVENT VALUES('AkkuReparaturAusgangsEvent',24,'2021-03-01 00:00:00.000000',0,NULL,NULL,NULL,'asd',NULL,'2',NULL)
ALTER SEQUENCE PUBLIC.HIBERNATE_SEQUENCE RESTART WITH 25
COMMIT
/*C256*/INSERT INTO AKKUEVENT VALUES('AkkuReparaturAusgangsEvent',25,'2021-03-01 00:00:00.000000',0,NULL,NULL,NULL,'asd',NULL,'2',NULL)
ALTER SEQUENCE PUBLIC.HIBERNATE_SEQUENCE RESTART WITH 26
COMMIT
/*C257*/INSERT INTO AKKUEVENT VALUES('AkkuAusmusterungsEvent',26,'2021-02-18 21:43:30.494000',0,NULL,NULL,NULL,'Hallo Welt 2',NULL,'1',NULL)
ALTER SEQUENCE PUBLIC.HIBERNATE_SEQUENCE RESTART WITH 27
COMMIT
/*C260*/INSERT INTO AKKUEVENT VALUES('AkkuAusmusterungsEvent',27,'2021-03-04 00:00:00.000000',0,NULL,NULL,NULL,'1',NULL,'1',NULL)
ALTER SEQUENCE PUBLIC.HIBERNATE_SEQUENCE RESTART WITH 28
COMMIT
/*C256*/DELETE FROM AKKU WHERE SERIAL='2'
INSERT INTO AKKU VALUES('2','2021-03-02 00:00:00.000000',1,1)
COMMIT
/*C257*/DELETE FROM AKKU WHERE SERIAL='2'
INSERT INTO AKKU VALUES('2','2021-03-05 00:00:00.000000',1,1)
COMMIT
/*C261*/SET SCHEMA PUBLIC
DISCONNECT
/*C255*/DISCONNECT
/*C257*/DISCONNECT
/*C258*/DISCONNECT
/*C260*/DISCONNECT
/*C259*/DISCONNECT
/*C256*/DISCONNECT
/*C263*/SET SCHEMA PUBLIC
DISCONNECT
/*C266*/SET SCHEMA PUBLIC
DISCONNECT
/*C267*/SET SCHEMA PUBLIC
DISCONNECT
/*C265*/SET SCHEMA PUBLIC
DISCONNECT
/*C264*/SET SCHEMA PUBLIC
DISCONNECT
/*C270*/SET SCHEMA PUBLIC
DISCONNECT
/*C271*/SET SCHEMA PUBLIC
DISCONNECT
/*C272*/SET SCHEMA PUBLIC
DISCONNECT
/*C268*/SET SCHEMA PUBLIC
DISCONNECT
/*C269*/SET SCHEMA PUBLIC
DISCONNECT
/*C273*/SET SCHEMA PUBLIC
DISCONNECT
/*C275*/SET SCHEMA PUBLIC
DISCONNECT
/*C276*/SET SCHEMA PUBLIC
DISCONNECT
/*C274*/SET SCHEMA PUBLIC
DISCONNECT
/*C277*/SET SCHEMA PUBLIC
DISCONNECT
/*C282*/SET SCHEMA PUBLIC
DISCONNECT
/*C281*/SET SCHEMA PUBLIC
DISCONNECT
/*C279*/SET SCHEMA PUBLIC
DISCONNECT
/*C278*/SET SCHEMA PUBLIC
DISCONNECT
/*C280*/SET SCHEMA PUBLIC
DISCONNECT
/*C283*/SET SCHEMA PUBLIC
DISCONNECT
/*C284*/SET SCHEMA PUBLIC
DISCONNECT
/*C285*/SET SCHEMA PUBLIC
DISCONNECT
/*C287*/SET SCHEMA PUBLIC
DISCONNECT
/*C286*/SET SCHEMA PUBLIC
DISCONNECT
/*C288*/SET SCHEMA PUBLIC
DISCONNECT
/*C292*/SET SCHEMA PUBLIC
DISCONNECT
/*C289*/SET SCHEMA PUBLIC
DISCONNECT
/*C290*/SET SCHEMA PUBLIC
DISCONNECT
/*C291*/SET SCHEMA PUBLIC
DISCONNECT
/*C294*/SET SCHEMA PUBLIC
DISCONNECT
/*C293*/SET SCHEMA PUBLIC
DISCONNECT
/*C296*/SET SCHEMA PUBLIC
DISCONNECT
/*C297*/SET SCHEMA PUBLIC
DISCONNECT
/*C295*/SET SCHEMA PUBLIC
DISCONNECT
/*C300*/SET SCHEMA PUBLIC
DISCONNECT
/*C299*/SET SCHEMA PUBLIC
DISCONNECT
/*C301*/SET SCHEMA PUBLIC
DISCONNECT
/*C302*/SET SCHEMA PUBLIC
DISCONNECT
/*C298*/SET SCHEMA PUBLIC
DISCONNECT
/*C303*/SET SCHEMA PUBLIC
DISCONNECT
/*C305*/SET SCHEMA PUBLIC
DISCONNECT
/*C304*/SET SCHEMA PUBLIC
DISCONNECT
/*C306*/SET SCHEMA PUBLIC
DISCONNECT
/*C307*/SET SCHEMA PUBLIC
DISCONNECT
/*C308*/SET SCHEMA PUBLIC
DISCONNECT
/*C311*/SET SCHEMA PUBLIC
DISCONNECT
/*C310*/SET SCHEMA PUBLIC
DISCONNECT
/*C309*/SET SCHEMA PUBLIC
DISCONNECT
/*C312*/SET SCHEMA PUBLIC
DISCONNECT
/*C317*/SET SCHEMA PUBLIC
DISCONNECT
/*C313*/SET SCHEMA PUBLIC
DISCONNECT
/*C315*/SET SCHEMA PUBLIC
DISCONNECT
/*C314*/SET SCHEMA PUBLIC
DISCONNECT
/*C316*/SET SCHEMA PUBLIC
DISCONNECT
/*C318*/SET SCHEMA PUBLIC
DISCONNECT
/*C321*/SET SCHEMA PUBLIC
DISCONNECT
/*C320*/SET SCHEMA PUBLIC
DISCONNECT
/*C319*/SET SCHEMA PUBLIC
DISCONNECT
/*C322*/SET SCHEMA PUBLIC
DISCONNECT
/*C325*/SET SCHEMA PUBLIC
DISCONNECT
/*C323*/SET SCHEMA PUBLIC
DISCONNECT
/*C324*/SET SCHEMA PUBLIC
DISCONNECT
/*C326*/SET SCHEMA PUBLIC
DISCONNECT
/*C327*/SET SCHEMA PUBLIC
DISCONNECT
/*C331*/SET SCHEMA PUBLIC
DISCONNECT
/*C328*/SET SCHEMA PUBLIC
DISCONNECT
/*C329*/SET SCHEMA PUBLIC
DISCONNECT
/*C330*/SET SCHEMA PUBLIC
DISCONNECT
/*C332*/SET SCHEMA PUBLIC
DISCONNECT
/*C333*/SET SCHEMA PUBLIC
DISCONNECT
/*C335*/SET SCHEMA PUBLIC
DISCONNECT
/*C337*/SET SCHEMA PUBLIC
DISCONNECT
/*C334*/SET SCHEMA PUBLIC
DISCONNECT
/*C336*/SET SCHEMA PUBLIC
DISCONNECT
/*C338*/SET SCHEMA PUBLIC
INSERT INTO KUNDE VALUES(123,'','Benno',0)
COMMIT
/*C339*/SET SCHEMA PUBLIC
DISCONNECT
/*C338*/DISCONNECT
/*C341*/SET SCHEMA PUBLIC
DISCONNECT
/*C340*/SET SCHEMA PUBLIC
DISCONNECT
/*C342*/SET SCHEMA PUBLIC
DISCONNECT
/*C345*/SET SCHEMA PUBLIC
DELETE FROM KUNDE WHERE CUSTOMERID=123
INSERT INTO KUNDE VALUES(123,'','Benno S',0)
COMMIT
/*C346*/SET SCHEMA PUBLIC
DELETE FROM KUNDE WHERE CUSTOMERID=123
INSERT INTO KUNDE VALUES(123,'','Benno St',0)
COMMIT
/*C343*/SET SCHEMA PUBLIC
DISCONNECT
/*C346*/DISCONNECT
/*C345*/DISCONNECT
/*C347*/SET SCHEMA PUBLIC
DISCONNECT
/*C344*/SET SCHEMA PUBLIC
DISCONNECT
/*C349*/SET SCHEMA PUBLIC
DISCONNECT
/*C350*/SET SCHEMA PUBLIC
DISCONNECT
/*C348*/SET SCHEMA PUBLIC
DISCONNECT
/*C351*/SET SCHEMA PUBLIC
DISCONNECT
/*C353*/SET SCHEMA PUBLIC
DISCONNECT
/*C352*/SET SCHEMA PUBLIC
DISCONNECT
/*C358*/SET SCHEMA PUBLIC
DISCONNECT
/*C355*/SET SCHEMA PUBLIC
DISCONNECT
/*C359*/SET SCHEMA PUBLIC
DISCONNECT
/*C354*/SET SCHEMA PUBLIC
DISCONNECT
/*C357*/SET SCHEMA PUBLIC
DISCONNECT
/*C356*/SET SCHEMA PUBLIC
DISCONNECT
/*C364*/SET SCHEMA PUBLIC
DISCONNECT
/*C360*/SET SCHEMA PUBLIC
DISCONNECT
/*C362*/SET SCHEMA PUBLIC
DISCONNECT
/*C365*/SET SCHEMA PUBLIC
DISCONNECT
/*C361*/SET SCHEMA PUBLIC
DISCONNECT
/*C363*/SET SCHEMA PUBLIC
DISCONNECT
/*C368*/SET SCHEMA PUBLIC
DISCONNECT
/*C366*/SET SCHEMA PUBLIC
DISCONNECT
/*C371*/SET SCHEMA PUBLIC
DISCONNECT
/*C367*/SET SCHEMA PUBLIC
DISCONNECT
/*C370*/SET SCHEMA PUBLIC
DISCONNECT
/*C369*/SET SCHEMA PUBLIC
DISCONNECT
/*C373*/SET SCHEMA PUBLIC
DISCONNECT
/*C372*/SET SCHEMA PUBLIC
DISCONNECT
/*C375*/SET SCHEMA PUBLIC
DISCONNECT
/*C374*/SET SCHEMA PUBLIC
DISCONNECT
/*C376*/SET SCHEMA PUBLIC
DISCONNECT
/*C377*/SET SCHEMA PUBLIC
DISCONNECT
/*C378*/SET SCHEMA PUBLIC
DISCONNECT
/*C383*/SET SCHEMA PUBLIC
DISCONNECT
/*C382*/SET SCHEMA PUBLIC
DISCONNECT
/*C379*/SET SCHEMA PUBLIC
DISCONNECT
/*C380*/SET SCHEMA PUBLIC
DISCONNECT
/*C381*/SET SCHEMA PUBLIC
DISCONNECT
/*C389*/SET SCHEMA PUBLIC
DISCONNECT
/*C384*/SET SCHEMA PUBLIC
DISCONNECT
/*C385*/SET SCHEMA PUBLIC
DISCONNECT
/*C386*/SET SCHEMA PUBLIC
DISCONNECT
/*C387*/SET SCHEMA PUBLIC
DISCONNECT
/*C388*/SET SCHEMA PUBLIC
DISCONNECT
/*C390*/SET SCHEMA PUBLIC
DISCONNECT
/*C391*/SET SCHEMA PUBLIC
DISCONNECT
/*C392*/SET SCHEMA PUBLIC
DISCONNECT
/*C393*/SET SCHEMA PUBLIC
DISCONNECT
/*C394*/SET SCHEMA PUBLIC
DISCONNECT
/*C395*/SET SCHEMA PUBLIC
DISCONNECT
/*C396*/SET SCHEMA PUBLIC
DISCONNECT
/*C397*/SET SCHEMA PUBLIC
DISCONNECT
/*C398*/SET SCHEMA PUBLIC
DISCONNECT
/*C399*/SET SCHEMA PUBLIC
DISCONNECT
/*C400*/SET SCHEMA PUBLIC
DISCONNECT
/*C402*/SET SCHEMA PUBLIC
DISCONNECT
/*C401*/SET SCHEMA PUBLIC
DISCONNECT
